# JRE version: Java(TM) SE Runtime Environment (8.0_91-b15) (build 1.8.0_91-b15)
# Java VM: Java HotSpot(TM) 64-Bit Server VM (25.91-b15 mixed mode windows-amd64 compressed oops)
Heap:
 PSYoungGen      total 21504K, used 17408K [0x00000000eab00000, 0x00000000ec400000, 0x0000000100000000)
  eden space 17408K, 100% used [0x00000000eab00000,0x00000000ebc00000,0x00000000ebc00000)
  from space 4096K, 0% used [0x00000000ebc00000,0x00000000ebc00000,0x00000000ec000000)
  to   space 4096K, 0% used [0x00000000ec000000,0x00000000ec000000,0x00000000ec400000)
 ParOldGen       total 22016K, used 21769K [0x00000000c0000000, 0x00000000c1580000, 0x00000000eab00000)
  object space 22016K, 98% used [0x00000000c0000000,0x00000000c1542448,0x00000000c1580000)
 Metaspace       used 6391K, capacity 7154K, committed 7296K, reserved 1056768K
  class space    used 605K, capacity 618K, committed 640K, reserved 1048576K
GC Heap History (10 events):
Event: 11.710 GC heap before
{Heap before GC invocations=8 (full 0):
 PSYoungGen      total 21504K, used 21487K [0x00000000eab00000, 0x00000000ec400000, 0x0000000100000000)
  eden space 17408K, 100% used [0x00000000eab00000,0x00000000ebc00000,0x00000000ebc00000)
  from space 4096K, 99% used [0x00000000ebc00000,0x00000000ebffbda8,0x00000000ec000000)
  to   space 4096K, 0% used [0x00000000ec000000,0x00000000ec000000,0x00000000ec400000)
 ParOldGen       total 22016K, used 7592K [0x00000000c0000000, 0x00000000c1580000, 0x00000000eab00000)
  object space 22016K, 34% used [0x00000000c0000000,0x00000000c076a078,0x00000000c1580000)
 Metaspace       used 6241K, capacity 7090K, committed 7296K, reserved 1056768K
  class space    used 604K, capacity 618K, committed 640K, reserved 1048576K
Event: 11.812 GC heap after
Heap after GC invocations=8 (full 0):
 PSYoungGen      total 21504K, used 4090K [0x00000000eab00000, 0x00000000ec400000, 0x0000000100000000)
  eden space 17408K, 0% used [0x00000000eab00000,0x00000000eab00000,0x00000000ebc00000)
  from space 4096K, 99% used [0x00000000ec000000,0x00000000ec3feaa8,0x00000000ec400000)
  to   space 4096K, 0% used [0x00000000ebc00000,0x00000000ebc00000,0x00000000ec000000)
 ParOldGen       total 22016K, used 10687K [0x00000000c0000000, 0x00000000c1580000, 0x00000000eab00000)
  object space 22016K, 48% used [0x00000000c0000000,0x00000000c0a6fe60,0x00000000c1580000)
 Metaspace       used 6241K, capacity 7090K, committed 7296K, reserved 1056768K
  class space    used 604K, capacity 618K, committed 640K, reserved 1048576K
}
Event: 12.773 GC heap before
{Heap before GC invocations=9 (full 0):
 PSYoungGen      total 21504K, used 21498K [0x00000000eab00000, 0x00000000ec400000, 0x0000000100000000)
  eden space 17408K, 100% used [0x00000000eab00000,0x00000000ebc00000,0x00000000ebc00000)
  from space 4096K, 99% used [0x00000000ec000000,0x00000000ec3feaa8,0x00000000ec400000)
  to   space 4096K, 0% used [0x00000000ebc00000,0x00000000ebc00000,0x00000000ec000000)
 ParOldGen       total 22016K, used 10687K [0x00000000c0000000, 0x00000000c1580000, 0x00000000eab00000)
  object space 22016K, 48% used [0x00000000c0000000,0x00000000c0a6fe60,0x00000000c1580000)
 Metaspace       used 6258K, capacity 7090K, committed 7296K, reserved 1056768K
  class space    used 605K, capacity 618K, committed 640K, reserved 1048576K
Event: 12.869 GC heap after
Heap after GC invocations=9 (full 0):
 PSYoungGen      total 21504K, used 4090K [0x00000000eab00000, 0x00000000ec400000, 0x0000000100000000)
  eden space 17408K, 0% used [0x00000000eab00000,0x00000000eab00000,0x00000000ebc00000)
  from space 4096K, 99% used [0x00000000ebc00000,0x00000000ebffeaa8,0x00000000ec000000)
  to   space 4096K, 0% used [0x00000000ec000000,0x00000000ec000000,0x00000000ec400000)
 ParOldGen       total 22016K, used 13899K [0x00000000c0000000, 0x00000000c1580000, 0x00000000eab00000)
  object space 22016K, 63% used [0x00000000c0000000,0x00000000c0d92fc0,0x00000000c1580000)
 Metaspace       used 6258K, capacity 7090K, committed 7296K, reserved 1056768K
  class space    used 605K, capacity 618K, committed 640K, reserved 1048576K
}
Event: 13.146 GC heap before
{Heap before GC invocations=10 (full 0):
 PSYoungGen      total 21504K, used 21498K [0x00000000eab00000, 0x00000000ec400000, 0x0000000100000000)
  eden space 17408K, 100% used [0x00000000eab00000,0x00000000ebc00000,0x00000000ebc00000)
  from space 4096K, 99% used [0x00000000ebc00000,0x00000000ebffeaa8,0x00000000ec000000)
  to   space 4096K, 0% used [0x00000000ec000000,0x00000000ec000000,0x00000000ec400000)
 ParOldGen       total 22016K, used 13899K [0x00000000c0000000, 0x00000000c1580000, 0x00000000eab00000)
  object space 22016K, 63% used [0x00000000c0000000,0x00000000c0d92fc0,0x00000000c1580000)
 Metaspace       used 6262K, capacity 7090K, committed 7296K, reserved 1056768K
  class space    used 605K, capacity 618K, committed 640K, reserved 1048576K
Event: 13.164 GC heap after
Heap after GC invocations=10 (full 0):
 PSYoungGen      total 21504K, used 4064K [0x00000000eab00000, 0x00000000ec400000, 0x0000000100000000)
  eden space 17408K, 0% used [0x00000000eab00000,0x00000000eab00000,0x00000000ebc00000)
  from space 4096K, 99% used [0x00000000ec000000,0x00000000ec3f8010,0x00000000ec400000)
  to   space 4096K, 0% used [0x00000000ebc00000,0x00000000ebc00000,0x00000000ec000000)
 ParOldGen       total 22016K, used 16945K [0x00000000c0000000, 0x00000000c1580000, 0x00000000eab00000)
  object space 22016K, 76% used [0x00000000c0000000,0x00000000c108c630,0x00000000c1580000)
 Metaspace       used 6262K, capacity 7090K, committed 7296K, reserved 1056768K
  class space    used 605K, capacity 618K, committed 640K, reserved 1048576K
}
Event: 13.550 GC heap before
{Heap before GC invocations=11 (full 0):
 PSYoungGen      total 21504K, used 21472K [0x00000000eab00000, 0x00000000ec400000, 0x0000000100000000)
  eden space 17408K, 100% used [0x00000000eab00000,0x00000000ebc00000,0x00000000ebc00000)
  from space 4096K, 99% used [0x00000000ec000000,0x00000000ec3f8010,0x00000000ec400000)
  to   space 4096K, 0% used [0x00000000ebc00000,0x00000000ebc00000,0x00000000ec000000)
 ParOldGen       total 22016K, used 16945K [0x00000000c0000000, 0x00000000c1580000, 0x00000000eab00000)
  object space 22016K, 76% used [0x00000000c0000000,0x00000000c108c630,0x00000000c1580000)
 Metaspace       used 6306K, capacity 7154K, committed 7296K, reserved 1056768K
  class space    used 605K, capacity 618K, committed 640K, reserved 1048576K
Event: 13.568 GC heap after
Heap after GC invocations=11 (full 0):
 PSYoungGen      total 21504K, used 3184K [0x00000000eab00000, 0x00000000ec400000, 0x0000000100000000)
  eden space 17408K, 0% used [0x00000000eab00000,0x00000000eab00000,0x00000000ebc00000)
  from space 4096K, 77% used [0x00000000ebc00000,0x00000000ebf1c010,0x00000000ec000000)
  to   space 4096K, 0% used [0x00000000ec000000,0x00000000ec000000,0x00000000ec400000)
 ParOldGen       total 22016K, used 21004K [0x00000000c0000000, 0x00000000c1580000, 0x00000000eab00000)
  object space 22016K, 95% used [0x00000000c0000000,0x00000000c1483018,0x00000000c1580000)
 Metaspace       used 6306K, capacity 7154K, committed 7296K, reserved 1056768K
  class space    used 605K, capacity 618K, committed 640K, reserved 1048576K
}
Event: 13.568 GC heap before
{Heap before GC invocations=12 (full 1):
 PSYoungGen      total 21504K, used 3184K [0x00000000eab00000, 0x00000000ec400000, 0x0000000100000000)
  eden space 17408K, 0% used [0x00000000eab00000,0x00000000eab00000,0x00000000ebc00000)
  from space 4096K, 77% used [0x00000000ebc00000,0x00000000ebf1c010,0x00000000ec000000)
  to   space 4096K, 0% used [0x00000000ec000000,0x00000000ec000000,0x00000000ec400000)
 ParOldGen       total 22016K, used 21004K [0x00000000c0000000, 0x00000000c1580000, 0x00000000eab00000)
  object space 22016K, 95% used [0x00000000c0000000,0x00000000c1483018,0x00000000c1580000)
 Metaspace       used 6306K, capacity 7154K, committed 7296K, reserved 1056768K
  class space    used 605K, capacity 618K, committed 640K, reserved 1048576K
Event: 14.405 GC heap after
Heap after GC invocations=12 (full 1):
 PSYoungGen      total 21504K, used 0K [0x00000000eab00000, 0x00000000ec400000, 0x0000000100000000)
  eden space 17408K, 0% used [0x00000000eab00000,0x00000000eab00000,0x00000000ebc00000)
  from space 4096K, 0% used [0x00000000ebc00000,0x00000000ebc00000,0x00000000ec000000)
  to   space 4096K, 0% used [0x00000000ec000000,0x00000000ec000000,0x00000000ec400000)
 ParOldGen       total 22016K, used 19836K [0x00000000c0000000, 0x00000000c1580000, 0x00000000eab00000)
  object space 22016K, 90% used [0x00000000c0000000,0x00000000c135f000,0x00000000c1580000)
 Metaspace       used 6306K, capacity 7154K, committed 7296K, reserved 1056768K
  class space    used 605K, capacity 618K, committed 640K, reserved 1048576K
}

