# JRE version: Java(TM) SE Runtime Environment (8.0_91-b15) (build 1.8.0_91-b15)
# Java VM: Java HotSpot(TM) 64-Bit Server VM (25.91-b15 mixed mode windows-amd64 compressed oops)
Heap:
 PSYoungGen      total 135680K, used 4276K [0x00000000eab00000, 0x00000000f4c00000, 0x0000000100000000)
  eden space 121856K, 3% used [0x00000000eab00000,0x00000000eaf2d080,0x00000000f2200000)
  from space 13824K, 0% used [0x00000000f2f00000,0x00000000f2f00000,0x00000000f3c80000)
  to   space 13312K, 0% used [0x00000000f2200000,0x00000000f2200000,0x00000000f2f00000)
 ParOldGen       total 85504K, used 47653K [0x00000000c0000000, 0x00000000c5380000, 0x00000000eab00000)
  object space 85504K, 55% used [0x00000000c0000000,0x00000000c2e89570,0x00000000c5380000)
 Metaspace       used 48533K, capacity 52258K, committed 53504K, reserved 1095680K
  class space    used 6679K, capacity 7838K, committed 8192K, reserved 1048576K
GC Heap History (10 events):
Event: 815.645 GC heap before
{Heap before GC invocations=34 (full 4):
 PSYoungGen      total 119808K, used 103662K [0x00000000eab00000, 0x00000000f3c80000, 0x0000000100000000)
  eden space 105984K, 91% used [0x00000000eab00000,0x00000000f099ead8,0x00000000f1280000)
  from space 13824K, 48% used [0x00000000f1280000,0x00000000f191ce18,0x00000000f2000000)
  to   space 13824K, 0% used [0x00000000f2f00000,0x00000000f2f00000,0x00000000f3c80000)
 ParOldGen       total 85504K, used 47587K [0x00000000c0000000, 0x00000000c5380000, 0x00000000eab00000)
  object space 85504K, 55% used [0x00000000c0000000,0x00000000c2e78d00,0x00000000c5380000)
 Metaspace       used 48200K, capacity 51376K, committed 51584K, reserved 1093632K
  class space    used 6666K, capacity 7697K, committed 7808K, reserved 1048576K
Event: 815.666 GC heap after
Heap after GC invocations=34 (full 4):
 PSYoungGen      total 134144K, used 9148K [0x00000000eab00000, 0x00000000f3e80000, 0x0000000100000000)
  eden space 120320K, 0% used [0x00000000eab00000,0x00000000eab00000,0x00000000f2080000)
  from space 13824K, 66% used [0x00000000f2f00000,0x00000000f37ef210,0x00000000f3c80000)
  to   space 14848K, 0% used [0x00000000f2080000,0x00000000f2080000,0x00000000f2f00000)
 ParOldGen       total 85504K, used 47595K [0x00000000c0000000, 0x00000000c5380000, 0x00000000eab00000)
  object space 85504K, 55% used [0x00000000c0000000,0x00000000c2e7ad00,0x00000000c5380000)
 Metaspace       used 48200K, capacity 51376K, committed 51584K, reserved 1093632K
  class space    used 6666K, capacity 7697K, committed 7808K, reserved 1048576K
}
Event: 815.666 GC heap before
{Heap before GC invocations=35 (full 5):
 PSYoungGen      total 134144K, used 9148K [0x00000000eab00000, 0x00000000f3e80000, 0x0000000100000000)
  eden space 120320K, 0% used [0x00000000eab00000,0x00000000eab00000,0x00000000f2080000)
  from space 13824K, 66% used [0x00000000f2f00000,0x00000000f37ef210,0x00000000f3c80000)
  to   space 14848K, 0% used [0x00000000f2080000,0x00000000f2080000,0x00000000f2f00000)
 ParOldGen       total 85504K, used 47595K [0x00000000c0000000, 0x00000000c5380000, 0x00000000eab00000)
  object space 85504K, 55% used [0x00000000c0000000,0x00000000c2e7ad00,0x00000000c5380000)
 Metaspace       used 48200K, capacity 51376K, committed 51584K, reserved 1093632K
  class space    used 6666K, capacity 7697K, committed 7808K, reserved 1048576K
Event: 816.179 GC heap after
Heap after GC invocations=35 (full 5):
 PSYoungGen      total 134144K, used 0K [0x00000000eab00000, 0x00000000f3e80000, 0x0000000100000000)
  eden space 120320K, 0% used [0x00000000eab00000,0x00000000eab00000,0x00000000f2080000)
  from space 13824K, 0% used [0x00000000f2f00000,0x00000000f2f00000,0x00000000f3c80000)
  to   space 14848K, 0% used [0x00000000f2080000,0x00000000f2080000,0x00000000f2f00000)
 ParOldGen       total 85504K, used 52747K [0x00000000c0000000, 0x00000000c5380000, 0x00000000eab00000)
  object space 85504K, 61% used [0x00000000c0000000,0x00000000c3382ca0,0x00000000c5380000)
 Metaspace       used 48166K, capacity 51262K, committed 51584K, reserved 1093632K
  class space    used 6660K, capacity 7663K, committed 7808K, reserved 1048576K
}
Event: 1440.431 GC heap before
{Heap before GC invocations=36 (full 5):
 PSYoungGen      total 134144K, used 120320K [0x00000000eab00000, 0x00000000f3e80000, 0x0000000100000000)
  eden space 120320K, 100% used [0x00000000eab00000,0x00000000f2080000,0x00000000f2080000)
  from space 13824K, 0% used [0x00000000f2f00000,0x00000000f2f00000,0x00000000f3c80000)
  to   space 14848K, 0% used [0x00000000f2080000,0x00000000f2080000,0x00000000f2f00000)
 ParOldGen       total 85504K, used 52747K [0x00000000c0000000, 0x00000000c5380000, 0x00000000eab00000)
  object space 85504K, 61% used [0x00000000c0000000,0x00000000c3382ca0,0x00000000c5380000)
 Metaspace       used 48632K, capacity 52132K, committed 52352K, reserved 1093632K
  class space    used 6718K, capacity 7807K, committed 7808K, reserved 1048576K
Event: 1455.473 GC heap after
Heap after GC invocations=36 (full 5):
 PSYoungGen      total 135168K, used 1904K [0x00000000eab00000, 0x00000000f3e80000, 0x0000000100000000)
  eden space 120320K, 0% used [0x00000000eab00000,0x00000000eab00000,0x00000000f2080000)
  from space 14848K, 12% used [0x00000000f2080000,0x00000000f225c010,0x00000000f2f00000)
  to   space 13824K, 0% used [0x00000000f2f00000,0x00000000f2f00000,0x00000000f3c80000)
 ParOldGen       total 85504K, used 52755K [0x00000000c0000000, 0x00000000c5380000, 0x00000000eab00000)
  object space 85504K, 61% used [0x00000000c0000000,0x00000000c3384ca0,0x00000000c5380000)
 Metaspace       used 48632K, capacity 52132K, committed 52352K, reserved 1093632K
  class space    used 6718K, capacity 7807K, committed 7808K, reserved 1048576K
}
Event: 1518.812 GC heap before
{Heap before GC invocations=37 (full 5):
 PSYoungGen      total 135168K, used 119229K [0x00000000eab00000, 0x00000000f3e80000, 0x0000000100000000)
  eden space 120320K, 97% used [0x00000000eab00000,0x00000000f1d937c0,0x00000000f2080000)
  from space 14848K, 12% used [0x00000000f2080000,0x00000000f225c010,0x00000000f2f00000)
  to   space 13824K, 0% used [0x00000000f2f00000,0x00000000f2f00000,0x00000000f3c80000)
 ParOldGen       total 85504K, used 52755K [0x00000000c0000000, 0x00000000c5380000, 0x00000000eab00000)
  object space 85504K, 61% used [0x00000000c0000000,0x00000000c3384ca0,0x00000000c5380000)
 Metaspace       used 49227K, capacity 53334K, committed 53504K, reserved 1095680K
  class space    used 6802K, capacity 8083K, committed 8192K, reserved 1048576K
Event: 1521.644 GC heap after
Heap after GC invocations=37 (full 5):
 PSYoungGen      total 135680K, used 4926K [0x00000000eab00000, 0x00000000f4c00000, 0x0000000100000000)
  eden space 121856K, 0% used [0x00000000eab00000,0x00000000eab00000,0x00000000f2200000)
  from space 13824K, 35% used [0x00000000f2f00000,0x00000000f33cfb70,0x00000000f3c80000)
  to   space 13312K, 0% used [0x00000000f2200000,0x00000000f2200000,0x00000000f2f00000)
 ParOldGen       total 85504K, used 52763K [0x00000000c0000000, 0x00000000c5380000, 0x00000000eab00000)
  object space 85504K, 61% used [0x00000000c0000000,0x00000000c3386ca0,0x00000000c5380000)
 Metaspace       used 49227K, capacity 53334K, committed 53504K, reserved 1095680K
  class space    used 6802K, capacity 8083K, committed 8192K, reserved 1048576K
}
Event: 1521.704 GC heap before
{Heap before GC invocations=38 (full 6):
 PSYoungGen      total 135680K, used 4926K [0x00000000eab00000, 0x00000000f4c00000, 0x0000000100000000)
  eden space 121856K, 0% used [0x00000000eab00000,0x00000000eab00000,0x00000000f2200000)
  from space 13824K, 35% used [0x00000000f2f00000,0x00000000f33cfb70,0x00000000f3c80000)
  to   space 13312K, 0% used [0x00000000f2200000,0x00000000f2200000,0x00000000f2f00000)
 ParOldGen       total 85504K, used 52763K [0x00000000c0000000, 0x00000000c5380000, 0x00000000eab00000)
  object space 85504K, 61% used [0x00000000c0000000,0x00000000c3386ca0,0x00000000c5380000)
 Metaspace       used 49227K, capacity 53334K, committed 53504K, reserved 1095680K
  class space    used 6802K, capacity 8083K, committed 8192K, reserved 1048576K
Event: 1567.031 GC heap after
Heap after GC invocations=38 (full 6):
 PSYoungGen      total 135680K, used 0K [0x00000000eab00000, 0x00000000f4c00000, 0x0000000100000000)
  eden space 121856K, 0% used [0x00000000eab00000,0x00000000eab00000,0x00000000f2200000)
  from space 13824K, 0% used [0x00000000f2f00000,0x00000000f2f00000,0x00000000f3c80000)
  to   space 13312K, 0% used [0x00000000f2200000,0x00000000f2200000,0x00000000f2f00000)
 ParOldGen       total 85504K, used 47653K [0x00000000c0000000, 0x00000000c5380000, 0x00000000eab00000)
  object space 85504K, 55% used [0x00000000c0000000,0x00000000c2e89570,0x00000000c5380000)
 Metaspace       used 48526K, capacity 52258K, committed 53504K, reserved 1095680K
  class space    used 6679K, capacity 7838K, committed 8192K, reserved 1048576K
}

